2020-10-05 04:46:12.646  WARN 9304 --- [task-1] o.h.engine.jdbc.spi.SqlExceptionHelper   : SQL Warning Code: 0, SQLState: 00000
2020-10-05 04:46:12.650  WARN 9304 --- [task-1] o.h.engine.jdbc.spi.SqlExceptionHelper   : отношение "posting_mototires" не существует, пропускается
2020-10-05 04:46:12.652  WARN 9304 --- [task-1] o.h.engine.jdbc.spi.SqlExceptionHelper   : SQL Warning Code: 0, SQLState: 00000
2020-10-05 04:46:12.652  WARN 9304 --- [task-1] o.h.engine.jdbc.spi.SqlExceptionHelper   : отношение "posting_part_and_accessories" не существует, пропускается
2020-10-05 04:46:12.653  WARN 9304 --- [task-1] o.h.engine.jdbc.spi.SqlExceptionHelper   : SQL Warning Code: 0, SQLState: 00000
2020-10-05 04:46:12.655  WARN 9304 --- [task-1] o.h.engine.jdbc.spi.SqlExceptionHelper   : отношение "posting_spare_parts" не существует, пропускается
2020-10-05 04:46:12.656  WARN 9304 --- [task-1] o.h.engine.jdbc.spi.SqlExceptionHelper   : SQL Warning Code: 0, SQLState: 00000
2020-10-05 04:46:12.656  WARN 9304 --- [task-1] o.h.engine.jdbc.spi.SqlExceptionHelper   : отношение "posting_tires" не существует, пропускается
2020-10-05 04:46:12.657  WARN 9304 --- [task-1] o.h.engine.jdbc.spi.SqlExceptionHelper   : SQL Warning Code: 0, SQLState: 00000
2020-10-05 04:46:12.657  WARN 9304 --- [task-1] o.h.engine.jdbc.spi.SqlExceptionHelper   : отношение "posting_truck_transport" не существует, пропускается
2020-10-05 04:46:12.658  WARN 9304 --- [task-1] o.h.engine.jdbc.spi.SqlExceptionHelper   : SQL Warning Code: 0, SQLState: 00000
2020-10-05 04:46:12.658  WARN 9304 --- [task-1] o.h.engine.jdbc.spi.SqlExceptionHelper   : отношение "posting_used_cars" не существует, пропускается
2020-10-05 04:46:12.659  WARN 9304 --- [task-1] o.h.engine.jdbc.spi.SqlExceptionHelper   : SQL Warning Code: 0, SQLState: 00000
2020-10-05 04:46:12.659  WARN 9304 --- [task-1] o.h.engine.jdbc.spi.SqlExceptionHelper   : отношение "posting_water_transport" не существует, пропускается
2020-10-05 04:46:12.660  WARN 9304 --- [task-1] o.h.engine.jdbc.spi.SqlExceptionHelper   : SQL Warning Code: 0, SQLState: 00000
2020-10-05 04:46:12.660  WARN 9304 --- [task-1] o.h.engine.jdbc.spi.SqlExceptionHelper   : отношение "posting_wheels" не существует, пропускается
2020-10-05 04:46:12.661  WARN 9304 --- [task-1] o.h.engine.jdbc.spi.SqlExceptionHelper   : SQL Warning Code: 0, SQLState: 00000
2020-10-05 04:46:12.662  WARN 9304 --- [task-1] o.h.engine.jdbc.spi.SqlExceptionHelper   : отношение "postings" не существует, пропускается
2020-10-05 04:46:12.662  WARN 9304 --- [task-1] o.h.engine.jdbc.spi.SqlExceptionHelper   : SQL Warning Code: 0, SQLState: 00000
2020-10-05 04:46:12.663  WARN 9304 --- [task-1] o.h.engine.jdbc.spi.SqlExceptionHelper   : отношение "postings" не существует, пропускается
2020-10-05 04:46:12.663  WARN 9304 --- [task-1] o.h.engine.jdbc.spi.SqlExceptionHelper   : SQL Warning Code: 0, SQLState: 00000
2020-10-05 04:46:12.664  WARN 9304 --- [task-1] o.h.engine.jdbc.spi.SqlExceptionHelper   : отношение "postings" не существует, пропускается
2020-10-05 04:46:12.665  WARN 9304 --- [task-1] o.h.engine.jdbc.spi.SqlExceptionHelper   : SQL Warning Code: 0, SQLState: 00000
2020-10-05 04:46:12.665  WARN 9304 --- [task-1] o.h.engine.jdbc.spi.SqlExceptionHelper   : отношение "postings_images" не существует, пропускается
2020-10-05 04:46:12.666  WARN 9304 --- [task-1] o.h.engine.jdbc.spi.SqlExceptionHelper   : SQL Warning Code: 0, SQLState: 00000
2020-10-05 04:46:12.666  WARN 9304 --- [task-1] o.h.engine.jdbc.spi.SqlExceptionHelper   : отношение "postings_images" не существует, пропускается
2020-10-05 04:46:12.667  WARN 9304 --- [task-1] o.h.engine.jdbc.spi.SqlExceptionHelper   : SQL Warning Code: 0, SQLState: 00000
2020-10-05 04:46:12.667  WARN 9304 --- [task-1] o.h.engine.jdbc.spi.SqlExceptionHelper   : отношение "recovery_token" не существует, пропускается
2020-10-05 04:46:12.668  WARN 9304 --- [task-1] o.h.engine.jdbc.spi.SqlExceptionHelper   : SQL Warning Code: 0, SQLState: 00000
2020-10-05 04:46:12.668  WARN 9304 --- [task-1] o.h.engine.jdbc.spi.SqlExceptionHelper   : отношение "users" не существует, пропускается
2020-10-05 04:46:12.669  WARN 9304 --- [task-1] o.h.engine.jdbc.spi.SqlExceptionHelper   : SQL Warning Code: 0, SQLState: 00000
2020-10-05 04:46:12.669  WARN 9304 --- [task-1] o.h.engine.jdbc.spi.SqlExceptionHelper   : отношение "users" не существует, пропускается
2020-10-05 04:46:12.670  WARN 9304 --- [task-1] o.h.engine.jdbc.spi.SqlExceptionHelper   : SQL Warning Code: 0, SQLState: 00000
2020-10-05 04:46:12.670  WARN 9304 --- [task-1] o.h.engine.jdbc.spi.SqlExceptionHelper   : отношение "users_roles" не существует, пропускается
2020-10-05 04:46:12.671  WARN 9304 --- [task-1] o.h.engine.jdbc.spi.SqlExceptionHelper   : SQL Warning Code: 0, SQLState: 00000
2020-10-05 04:46:12.671  WARN 9304 --- [task-1] o.h.engine.jdbc.spi.SqlExceptionHelper   : отношение "users_roles" не существует, пропускается
2020-10-05 04:46:12.673  WARN 9304 --- [task-1] o.h.engine.jdbc.spi.SqlExceptionHelper   : SQL Warning Code: 0, SQLState: 00000
2020-10-05 04:46:12.673  WARN 9304 --- [task-1] o.h.engine.jdbc.spi.SqlExceptionHelper   : таблица "car_options" не существует, пропускается
2020-10-05 04:46:12.674  WARN 9304 --- [task-1] o.h.engine.jdbc.spi.SqlExceptionHelper   : SQL Warning Code: 0, SQLState: 00000
2020-10-05 04:46:12.674  WARN 9304 --- [task-1] o.h.engine.jdbc.spi.SqlExceptionHelper   : таблица "category" не существует, пропускается
2020-10-05 04:46:12.675  WARN 9304 --- [task-1] o.h.engine.jdbc.spi.SqlExceptionHelper   : SQL Warning Code: 0, SQLState: 00000
2020-10-05 04:46:12.676  WARN 9304 --- [task-1] o.h.engine.jdbc.spi.SqlExceptionHelper   : таблица "category_posts" не существует, пропускается
2020-10-05 04:46:12.676  WARN 9304 --- [task-1] o.h.engine.jdbc.spi.SqlExceptionHelper   : SQL Warning Code: 0, SQLState: 00000
2020-10-05 04:46:12.677  WARN 9304 --- [task-1] o.h.engine.jdbc.spi.SqlExceptionHelper   : таблица "cities" не существует, пропускается
2020-10-05 04:46:12.677  WARN 9304 --- [task-1] o.h.engine.jdbc.spi.SqlExceptionHelper   : SQL Warning Code: 0, SQLState: 00000
2020-10-05 04:46:12.678  WARN 9304 --- [task-1] o.h.engine.jdbc.spi.SqlExceptionHelper   : таблица "cities_posts" не существует, пропускается
2020-10-05 04:46:12.679  WARN 9304 --- [task-1] o.h.engine.jdbc.spi.SqlExceptionHelper   : SQL Warning Code: 0, SQLState: 00000
2020-10-05 04:46:12.679  WARN 9304 --- [task-1] o.h.engine.jdbc.spi.SqlExceptionHelper   : таблица "hibernate_sequences" не существует, пропускается
2020-10-05 04:46:12.680  WARN 9304 --- [task-1] o.h.engine.jdbc.spi.SqlExceptionHelper   : SQL Warning Code: 0, SQLState: 00000
2020-10-05 04:46:12.680  WARN 9304 --- [task-1] o.h.engine.jdbc.spi.SqlExceptionHelper   : таблица "images_link_db" не существует, пропускается
2020-10-05 04:46:12.681  WARN 9304 --- [task-1] o.h.engine.jdbc.spi.SqlExceptionHelper   : SQL Warning Code: 0, SQLState: 00000
2020-10-05 04:46:12.681  WARN 9304 --- [task-1] o.h.engine.jdbc.spi.SqlExceptionHelper   : таблица "levels_languages" не существует, пропускается
2020-10-05 04:46:12.682  WARN 9304 --- [task-1] o.h.engine.jdbc.spi.SqlExceptionHelper   : SQL Warning Code: 0, SQLState: 00000
2020-10-05 04:46:12.682  WARN 9304 --- [task-1] o.h.engine.jdbc.spi.SqlExceptionHelper   : таблица "posting_auto_transport" не существует, пропускается
2020-10-05 04:46:12.683  WARN 9304 --- [task-1] o.h.engine.jdbc.spi.SqlExceptionHelper   : SQL Warning Code: 0, SQLState: 00000
2020-10-05 04:46:12.683  WARN 9304 --- [task-1] o.h.engine.jdbc.spi.SqlExceptionHelper   : таблица "posting_caps" не существует, пропускается
2020-10-05 04:46:12.684  WARN 9304 --- [task-1] o.h.engine.jdbc.spi.SqlExceptionHelper   : SQL Warning Code: 0, SQLState: 00000
2020-10-05 04:46:12.684  WARN 9304 --- [task-1] o.h.engine.jdbc.spi.SqlExceptionHelper   : таблица "posting_cars" не существует, пропускается
2020-10-05 04:46:12.685  WARN 9304 --- [task-1] o.h.engine.jdbc.spi.SqlExceptionHelper   : SQL Warning Code: 0, SQLState: 00000
2020-10-05 04:46:12.685  WARN 9304 --- [task-1] o.h.engine.jdbc.spi.SqlExceptionHelper   : таблица "posting_cars_additional_options" не существует, пропускается
2020-10-05 04:46:12.686  WARN 9304 --- [task-1] o.h.engine.jdbc.spi.SqlExceptionHelper   : SQL Warning Code: 0, SQLState: 00000
2020-10-05 04:46:12.686  WARN 9304 --- [task-1] o.h.engine.jdbc.spi.SqlExceptionHelper   : таблица "posting_disks" не существует, пропускается
2020-10-05 04:46:12.686  WARN 9304 --- [task-1] o.h.engine.jdbc.spi.SqlExceptionHelper   : SQL Warning Code: 0, SQLState: 00000
2020-10-05 04:46:12.687  WARN 9304 --- [task-1] o.h.engine.jdbc.spi.SqlExceptionHelper   : таблица "posting_engine_parts" не существует, пропускается
2020-10-05 04:46:12.687  WARN 9304 --- [task-1] o.h.engine.jdbc.spi.SqlExceptionHelper   : SQL Warning Code: 0, SQLState: 00000
2020-10-05 04:46:12.687  WARN 9304 --- [task-1] o.h.engine.jdbc.spi.SqlExceptionHelper   : таблица "posting_estate" не существует, пропускается
2020-10-05 04:46:12.688  WARN 9304 --- [task-1] o.h.engine.jdbc.spi.SqlExceptionHelper   : SQL Warning Code: 0, SQLState: 00000
2020-10-05 04:46:12.689  WARN 9304 --- [task-1] o.h.engine.jdbc.spi.SqlExceptionHelper   : таблица "posting_job" не существует, пропускается
2020-10-05 04:46:12.690  WARN 9304 --- [task-1] o.h.engine.jdbc.spi.SqlExceptionHelper   : SQL Warning Code: 0, SQLState: 00000
2020-10-05 04:46:12.690  WARN 9304 --- [task-1] o.h.engine.jdbc.spi.SqlExceptionHelper   : таблица "posting_job_experiences" не существует, пропускается
2020-10-05 04:46:12.691  WARN 9304 --- [task-1] o.h.engine.jdbc.spi.SqlExceptionHelper   : SQL Warning Code: 0, SQLState: 00000
2020-10-05 04:46:12.691  WARN 9304 --- [task-1] o.h.engine.jdbc.spi.SqlExceptionHelper   : таблица "posting_job_lang_levels" не существует, пропускается
2020-10-05 04:46:12.692  WARN 9304 --- [task-1] o.h.engine.jdbc.spi.SqlExceptionHelper   : SQL Warning Code: 0, SQLState: 00000
2020-10-05 04:46:12.692  WARN 9304 --- [task-1] o.h.engine.jdbc.spi.SqlExceptionHelper   : таблица "posting_job_languages" не существует, пропускается
2020-10-05 04:46:12.693  WARN 9304 --- [task-1] o.h.engine.jdbc.spi.SqlExceptionHelper   : SQL Warning Code: 0, SQLState: 00000
2020-10-05 04:46:12.693  WARN 9304 --- [task-1] o.h.engine.jdbc.spi.SqlExceptionHelper   : таблица "posting_job_levels_languages" не существует, пропускается
2020-10-05 04:46:12.693  WARN 9304 --- [task-1] o.h.engine.jdbc.spi.SqlExceptionHelper   : SQL Warning Code: 0, SQLState: 00000
2020-10-05 04:46:12.694  WARN 9304 --- [task-1] o.h.engine.jdbc.spi.SqlExceptionHelper   : таблица "posting_job_resumes" не существует, пропускается
2020-10-05 04:46:12.694  WARN 9304 --- [task-1] o.h.engine.jdbc.spi.SqlExceptionHelper   : SQL Warning Code: 0, SQLState: 00000
2020-10-05 04:46:12.695  WARN 9304 --- [task-1] o.h.engine.jdbc.spi.SqlExceptionHelper   : таблица "posting_job_resumes_experiences" не существует, пропускается
2020-10-05 04:46:12.695  WARN 9304 --- [task-1] o.h.engine.jdbc.spi.SqlExceptionHelper   : SQL Warning Code: 0, SQLState: 00000
2020-10-05 04:46:12.695  WARN 9304 --- [task-1] o.h.engine.jdbc.spi.SqlExceptionHelper   : таблица "posting_job_resumes_languages" не существует, пропускается
2020-10-05 04:46:12.696  WARN 9304 --- [task-1] o.h.engine.jdbc.spi.SqlExceptionHelper   : SQL Warning Code: 0, SQLState: 00000
2020-10-05 04:46:12.696  WARN 9304 --- [task-1] o.h.engine.jdbc.spi.SqlExceptionHelper   : таблица "posting_job_vacancies" не существует, пропускается
2020-10-05 04:46:12.697  WARN 9304 --- [task-1] o.h.engine.jdbc.spi.SqlExceptionHelper   : SQL Warning Code: 0, SQLState: 00000
2020-10-05 04:46:12.697  WARN 9304 --- [task-1] o.h.engine.jdbc.spi.SqlExceptionHelper   : таблица "posting_moto_transport" не существует, пропускается
2020-10-05 04:46:12.698  WARN 9304 --- [task-1] o.h.engine.jdbc.spi.SqlExceptionHelper   : SQL Warning Code: 0, SQLState: 00000
2020-10-05 04:46:12.698  WARN 9304 --- [task-1] o.h.engine.jdbc.spi.SqlExceptionHelper   : таблица "posting_mototires" не существует, пропускается
2020-10-05 04:46:12.699  WARN 9304 --- [task-1] o.h.engine.jdbc.spi.SqlExceptionHelper   : SQL Warning Code: 0, SQLState: 00000
2020-10-05 04:46:12.699  WARN 9304 --- [task-1] o.h.engine.jdbc.spi.SqlExceptionHelper   : таблица "posting_part_and_accessories" не существует, пропускается
2020-10-05 04:46:12.700  WARN 9304 --- [task-1] o.h.engine.jdbc.spi.SqlExceptionHelper   : SQL Warning Code: 0, SQLState: 00000
2020-10-05 04:46:12.700  WARN 9304 --- [task-1] o.h.engine.jdbc.spi.SqlExceptionHelper   : таблица "posting_spare_parts" не существует, пропускается
2020-10-05 04:46:12.700  WARN 9304 --- [task-1] o.h.engine.jdbc.spi.SqlExceptionHelper   : SQL Warning Code: 0, SQLState: 00000
2020-10-05 04:46:12.700  WARN 9304 --- [task-1] o.h.engine.jdbc.spi.SqlExceptionHelper   : таблица "posting_tires" не существует, пропускается
2020-10-05 04:46:12.701  WARN 9304 --- [task-1] o.h.engine.jdbc.spi.SqlExceptionHelper   : SQL Warning Code: 0, SQLState: 00000
2020-10-05 04:46:12.701  WARN 9304 --- [task-1] o.h.engine.jdbc.spi.SqlExceptionHelper   : таблица "posting_truck_transport" не существует, пропускается
2020-10-05 04:46:12.702  WARN 9304 --- [task-1] o.h.engine.jdbc.spi.SqlExceptionHelper   : SQL Warning Code: 0, SQLState: 00000
2020-10-05 04:46:12.702  WARN 9304 --- [task-1] o.h.engine.jdbc.spi.SqlExceptionHelper   : таблица "posting_used_cars" не существует, пропускается
2020-10-05 04:46:12.702  WARN 9304 --- [task-1] o.h.engine.jdbc.spi.SqlExceptionHelper   : SQL Warning Code: 0, SQLState: 00000
2020-10-05 04:46:12.702  WARN 9304 --- [task-1] o.h.engine.jdbc.spi.SqlExceptionHelper   : таблица "posting_water_transport" не существует, пропускается
2020-10-05 04:46:12.703  WARN 9304 --- [task-1] o.h.engine.jdbc.spi.SqlExceptionHelper   : SQL Warning Code: 0, SQLState: 00000
2020-10-05 04:46:12.703  WARN 9304 --- [task-1] o.h.engine.jdbc.spi.SqlExceptionHelper   : таблица "posting_wheels" не существует, пропускается
2020-10-05 04:46:12.704  WARN 9304 --- [task-1] o.h.engine.jdbc.spi.SqlExceptionHelper   : SQL Warning Code: 0, SQLState: 00000
2020-10-05 04:46:12.704  WARN 9304 --- [task-1] o.h.engine.jdbc.spi.SqlExceptionHelper   : таблица "postings" не существует, пропускается
2020-10-05 04:46:12.705  WARN 9304 --- [task-1] o.h.engine.jdbc.spi.SqlExceptionHelper   : SQL Warning Code: 0, SQLState: 00000
2020-10-05 04:46:12.705  WARN 9304 --- [task-1] o.h.engine.jdbc.spi.SqlExceptionHelper   : таблица "postings_images" не существует, пропускается
2020-10-05 04:46:12.705  WARN 9304 --- [task-1] o.h.engine.jdbc.spi.SqlExceptionHelper   : SQL Warning Code: 0, SQLState: 00000
2020-10-05 04:46:12.705  WARN 9304 --- [task-1] o.h.engine.jdbc.spi.SqlExceptionHelper   : таблица "recovery_token" не существует, пропускается
2020-10-05 04:46:12.706  WARN 9304 --- [task-1] o.h.engine.jdbc.spi.SqlExceptionHelper   : SQL Warning Code: 0, SQLState: 00000
2020-10-05 04:46:12.706  WARN 9304 --- [task-1] o.h.engine.jdbc.spi.SqlExceptionHelper   : таблица "regions" не существует, пропускается
2020-10-05 04:46:12.707  WARN 9304 --- [task-1] o.h.engine.jdbc.spi.SqlExceptionHelper   : SQL Warning Code: 0, SQLState: 00000
2020-10-05 04:46:12.707  WARN 9304 --- [task-1] o.h.engine.jdbc.spi.SqlExceptionHelper   : таблица "roles" не существует, пропускается
2020-10-05 04:46:12.707  WARN 9304 --- [task-1] o.h.engine.jdbc.spi.SqlExceptionHelper   : SQL Warning Code: 0, SQLState: 00000
2020-10-05 04:46:12.708  WARN 9304 --- [task-1] o.h.engine.jdbc.spi.SqlExceptionHelper   : таблица "technical_info" не существует, пропускается
2020-10-05 04:46:12.708  WARN 9304 --- [task-1] o.h.engine.jdbc.spi.SqlExceptionHelper   : SQL Warning Code: 0, SQLState: 00000
2020-10-05 04:46:12.708  WARN 9304 --- [task-1] o.h.engine.jdbc.spi.SqlExceptionHelper   : таблица "users" не существует, пропускается
2020-10-05 04:46:12.709  WARN 9304 --- [task-1] o.h.engine.jdbc.spi.SqlExceptionHelper   : SQL Warning Code: 0, SQLState: 00000
2020-10-05 04:46:12.709  WARN 9304 --- [task-1] o.h.engine.jdbc.spi.SqlExceptionHelper   : таблица "users_roles" не существует, пропускается
2020-10-05 04:46:12.711  WARN 9304 --- [task-1] o.h.engine.jdbc.spi.SqlExceptionHelper   : SQL Warning Code: 0, SQLState: 00000
2020-10-05 04:46:12.711  WARN 9304 --- [task-1] o.h.engine.jdbc.spi.SqlExceptionHelper   : последовательность "hibernate_sequence" не существует, пропускается
2020-10-05 04:46:27.083  INFO 9304 --- [restartedMain] com.board_of_ads.BoardOfAdsApplication   : Started BoardOfAdsApplication in 20.292 seconds (JVM running for 21.747)
2020-10-05 04:46:27.086  INFO 9304 --- [restartedMain] com.board_of_ads.BoardOfAdsApplication   : Successful application launch
2020-10-05 04:47:59.679  INFO 3276 --- [restartedMain] com.board_of_ads.BoardOfAdsApplication   : Starting BoardOfAdsApplication on SD with PID 3276 (D:\board_of_ads\target\classes started by SD in D:\board_of_ads)
2020-10-05 04:47:59.683  INFO 3276 --- [restartedMain] com.board_of_ads.BoardOfAdsApplication   : No active profile set, falling back to default profiles: default
2020-10-05 04:48:03.147  WARN 3276 --- [restartedMain] JpaBaseConfiguration$JpaWebConfiguration : spring.jpa.open-in-view is enabled by default. Therefore, database queries may be performed during view rendering. Explicitly configure spring.jpa.open-in-view to disable this warning
2020-10-05 04:48:20.536  INFO 3276 --- [restartedMain] com.board_of_ads.BoardOfAdsApplication   : Started BoardOfAdsApplication in 21.852 seconds (JVM running for 23.382)
2020-10-05 04:48:20.540  INFO 3276 --- [restartedMain] com.board_of_ads.BoardOfAdsApplication   : Successful application launch
2020-10-05 04:49:03.542  INFO 8956 --- [restartedMain] com.board_of_ads.BoardOfAdsApplication   : Starting BoardOfAdsApplication on SD with PID 8956 (D:\board_of_ads\target\classes started by SD in D:\board_of_ads)
2020-10-05 04:49:03.547  INFO 8956 --- [restartedMain] com.board_of_ads.BoardOfAdsApplication   : No active profile set, falling back to default profiles: default
2020-10-05 04:49:06.342  WARN 8956 --- [restartedMain] JpaBaseConfiguration$JpaWebConfiguration : spring.jpa.open-in-view is enabled by default. Therefore, database queries may be performed during view rendering. Explicitly configure spring.jpa.open-in-view to disable this warning
2020-10-05 04:49:23.152  INFO 8956 --- [restartedMain] com.board_of_ads.BoardOfAdsApplication   : Started BoardOfAdsApplication in 20.607 seconds (JVM running for 22.377)
2020-10-05 04:49:23.155  INFO 8956 --- [restartedMain] com.board_of_ads.BoardOfAdsApplication   : Successful application launch
